  ModuleSceneIntro.cpp
C:\Users\CLEVO\Downloads\Physics II - Pinball\Physics II - Box2D - Handout 04\ModuleSceneIntro.cpp(92,51): warning C4244: 'argumento': conversión de 'int' a 'float32'; posible pérdida de datos
C:\Users\CLEVO\Downloads\Physics II - Pinball\Physics II - Box2D - Handout 04\ModuleSceneIntro.cpp(95,52): warning C4244: 'argumento': conversión de 'int' a 'float32'; posible pérdida de datos
C:\Users\CLEVO\Downloads\Physics II - Pinball\Physics II - Box2D - Handout 04\ModuleSceneIntro.cpp(105,49): warning C4244: 'argumento': conversión de 'int' a 'float32'; posible pérdida de datos
C:\Users\CLEVO\Downloads\Physics II - Pinball\Physics II - Box2D - Handout 04\ModuleSceneIntro.cpp(153,45): warning C4244: 'argumento': conversión de 'TYPE' a 'TYPE'; posible pérdida de datos
          with
          [
              TYPE=int
          ]
          and
          [
              TYPE=float
          ]
C:\Users\CLEVO\Downloads\Physics II - Pinball\Physics II - Box2D - Handout 04\ModuleSceneIntro.cpp(153,30): warning C4244: 'argumento': conversión de 'TYPE' a 'TYPE'; posible pérdida de datos
          with
          [
              TYPE=int
          ]
          and
          [
              TYPE=float
          ]
C:\Users\CLEVO\Downloads\Physics II - Pinball\Physics II - Box2D - Handout 04\ModuleSceneIntro.cpp(155,18): warning C4244: 'argumento': conversión de 'int' a 'float'; posible pérdida de datos
C:\Users\CLEVO\Downloads\Physics II - Pinball\Physics II - Box2D - Handout 04\ModuleSceneIntro.cpp(157,70): warning C4244: 'argumento': conversión de 'TYPE' a 'int'; posible pérdida de datos
          with
          [
              TYPE=float
          ]
C:\Users\CLEVO\Downloads\Physics II - Pinball\Physics II - Box2D - Handout 04\ModuleSceneIntro.cpp(157,47): warning C4244: 'argumento': conversión de 'TYPE' a 'int'; posible pérdida de datos
          with
          [
              TYPE=float
          ]
C:\Users\CLEVO\Downloads\Physics II - Pinball\Physics II - Box2D - Handout 04\ModuleSceneIntro.cpp(160,138): warning C4244: 'argumento': conversión de 'TYPE' a 'int'; posible pérdida de datos
          with
          [
              TYPE=float
          ]
C:\Users\CLEVO\Downloads\Physics II - Pinball\Physics II - Box2D - Handout 04\ModuleSceneIntro.cpp(160,96): warning C4244: 'argumento': conversión de 'TYPE' a 'int'; posible pérdida de datos
          with
          [
              TYPE=float
          ]
C:\Users\CLEVO\Downloads\Physics II - Pinball\Physics II - Box2D - Handout 04\ModuleSceneIntro.cpp(160,57): warning C4244: 'argumento': conversión de 'TYPE' a 'int'; posible pérdida de datos
          with
          [
              TYPE=float
          ]
C:\Users\CLEVO\Downloads\Physics II - Pinball\Physics II - Box2D - Handout 04\ModuleSceneIntro.cpp(160,34): warning C4244: 'argumento': conversión de 'TYPE' a 'int'; posible pérdida de datos
          with
          [
              TYPE=float
          ]
C:\Users\CLEVO\Downloads\Physics II - Pinball\Physics II - Box2D - Handout 04\ModuleSceneIntro.cpp(195,9): warning C4101: 'y': variable local sin referencia
C:\Users\CLEVO\Downloads\Physics II - Pinball\Physics II - Box2D - Handout 04\ModuleSceneIntro.cpp(195,6): warning C4101: 'x': variable local sin referencia
C:\Users\CLEVO\Downloads\Physics II - Pinball\Physics II - Box2D - Handout 04\ModuleSceneIntro.cpp(406,31): warning C4305: '=': truncamiento de 'double' a 'float32'
C:\Users\CLEVO\Downloads\Physics II - Pinball\Physics II - Box2D - Handout 04\ModuleSceneIntro.cpp(418,26): warning C4305: 'argumento': truncamiento de 'double' a 'float32'
C:\Users\CLEVO\Downloads\Physics II - Pinball\Physics II - Box2D - Handout 04\ModuleSceneIntro.cpp(419,47): warning C4305: 'argumento': truncamiento de 'double' a 'float32'
C:\Users\CLEVO\Downloads\Physics II - Pinball\Physics II - Box2D - Handout 04\ModuleSceneIntro.cpp(421,29): warning C4305: 'argumento': truncamiento de 'double' a 'float32'
C:\Users\CLEVO\Downloads\Physics II - Pinball\Physics II - Box2D - Handout 04\ModuleSceneIntro.cpp(422,47): warning C4305: 'argumento': truncamiento de 'double' a 'float32'
C:\Users\CLEVO\Downloads\Physics II - Pinball\Physics II - Box2D - Handout 04\ModuleSceneIntro.cpp(426,26): warning C4305: 'argumento': truncamiento de 'double' a 'float32'
C:\Users\CLEVO\Downloads\Physics II - Pinball\Physics II - Box2D - Handout 04\ModuleSceneIntro.cpp(427,25): warning C4305: 'argumento': truncamiento de 'double' a 'float32'
  SDL Game.vcxproj -> C:\Users\CLEVO\Downloads\Physics II - Pinball\Physics II - Box2D - Handout 04\Debug\2D Physics - class 4.exe
