  ModuleScene.cpp
C:\Users\polcb2\Downloads\Physics II - Pinball\Physics II - Box2D - Handout 04\ModuleScene.cpp(113,45): warning C4244: 'argument': conversion from 'TYPE' to 'TYPE', possible loss of data
          with
          [
              TYPE=int
          ]
          and
          [
              TYPE=float
          ]
C:\Users\polcb2\Downloads\Physics II - Pinball\Physics II - Box2D - Handout 04\ModuleScene.cpp(113,30): warning C4244: 'argument': conversion from 'TYPE' to 'TYPE', possible loss of data
          with
          [
              TYPE=int
          ]
          and
          [
              TYPE=float
          ]
C:\Users\polcb2\Downloads\Physics II - Pinball\Physics II - Box2D - Handout 04\ModuleScene.cpp(115,18): warning C4244: 'argument': conversion from 'int' to 'float', possible loss of data
C:\Users\polcb2\Downloads\Physics II - Pinball\Physics II - Box2D - Handout 04\ModuleScene.cpp(117,70): warning C4244: 'argument': conversion from 'TYPE' to 'int', possible loss of data
          with
          [
              TYPE=float
          ]
C:\Users\polcb2\Downloads\Physics II - Pinball\Physics II - Box2D - Handout 04\ModuleScene.cpp(117,47): warning C4244: 'argument': conversion from 'TYPE' to 'int', possible loss of data
          with
          [
              TYPE=float
          ]
C:\Users\polcb2\Downloads\Physics II - Pinball\Physics II - Box2D - Handout 04\ModuleScene.cpp(120,138): warning C4244: 'argument': conversion from 'TYPE' to 'int', possible loss of data
          with
          [
              TYPE=float
          ]
C:\Users\polcb2\Downloads\Physics II - Pinball\Physics II - Box2D - Handout 04\ModuleScene.cpp(120,96): warning C4244: 'argument': conversion from 'TYPE' to 'int', possible loss of data
          with
          [
              TYPE=float
          ]
C:\Users\polcb2\Downloads\Physics II - Pinball\Physics II - Box2D - Handout 04\ModuleScene.cpp(120,57): warning C4244: 'argument': conversion from 'TYPE' to 'int', possible loss of data
          with
          [
              TYPE=float
          ]
C:\Users\polcb2\Downloads\Physics II - Pinball\Physics II - Box2D - Handout 04\ModuleScene.cpp(120,34): warning C4244: 'argument': conversion from 'TYPE' to 'int', possible loss of data
          with
          [
              TYPE=float
          ]
C:\Users\polcb2\Downloads\Physics II - Pinball\Physics II - Box2D - Handout 04\ModuleScene.cpp(128,9): warning C4101: 'y': unreferenced local variable
C:\Users\polcb2\Downloads\Physics II - Pinball\Physics II - Box2D - Handout 04\ModuleScene.cpp(128,6): warning C4101: 'x': unreferenced local variable
  SDL Game.vcxproj -> C:\Users\polcb2\Downloads\Physics II - Pinball\Physics II - Box2D - Handout 04\Debug\2D Physics - class 4.exe
